8/30/2020 8:15:44 AM	This log contains information about the import schema operation into project 'Database1' on computer 'UNKNOWN' by user 'Muhammad Jawad'.
8/30/2020 8:15:44 AM	Import of database schema has started.
8/30/2020 8:15:56 AM	Gathering database credentials
8/30/2020 8:15:56 AM	Gathering database options
8/30/2020 8:15:56 AM	Gathering generic database scoped configuration option
8/30/2020 8:15:56 AM	Gathering users
8/30/2020 8:15:56 AM	Gathering roles
8/30/2020 8:15:56 AM	Gathering application roles
8/30/2020 8:15:56 AM	Gathering role memberships
8/30/2020 8:15:56 AM	Gathering filegroups
8/30/2020 8:15:56 AM	Gathering full-text catalogs
8/30/2020 8:15:56 AM	Gathering assemblies
8/30/2020 8:15:56 AM	Gathering certificates
8/30/2020 8:15:56 AM	Gathering asymmetric keys
8/30/2020 8:15:56 AM	Gathering symmetric keys
8/30/2020 8:15:56 AM	Gathering encrypted symmetric keys
8/30/2020 8:15:56 AM	Gathering schemas
8/30/2020 8:15:56 AM	Gathering XML schema collections
8/30/2020 8:15:56 AM	Gathering user-defined data types
8/30/2020 8:15:56 AM	Gathering user-defined types
8/30/2020 8:15:56 AM	Gathering table types
8/30/2020 8:15:56 AM	Gathering unique keys for table types
8/30/2020 8:15:56 AM	Gathering primary keys for table types
8/30/2020 8:15:56 AM	Gathering indexes for table types
8/30/2020 8:15:56 AM	Gathering check constraints for table types
8/30/2020 8:15:56 AM	Gathering default constraints for table types
8/30/2020 8:15:56 AM	Gathering partition functions
8/30/2020 8:15:56 AM	Gathering partition schemes
8/30/2020 8:15:56 AM	Gathering functions
8/30/2020 8:15:56 AM	Gathering encrypted functions
8/30/2020 8:15:56 AM	Gathering aggregates
8/30/2020 8:15:56 AM	Gathering procedures
8/30/2020 8:15:56 AM	Gathering encrypted procedures
8/30/2020 8:15:56 AM	Gathering tables
8/30/2020 8:15:56 AM	Gathering primary keys
8/30/2020 8:15:56 AM	Gathering unique constraints
8/30/2020 8:15:56 AM	Gathering foreign keys
8/30/2020 8:15:56 AM	Gathering default constraints
8/30/2020 8:15:56 AM	Gathering check constraints
8/30/2020 8:15:56 AM	Gathering views
8/30/2020 8:15:56 AM	Gathering encrypted views
8/30/2020 8:15:56 AM	Gathering indexes
8/30/2020 8:15:56 AM	Gathering statistics
8/30/2020 8:15:56 AM	Gathering full-text index stoplists
8/30/2020 8:15:56 AM	Gathering search property lists
8/30/2020 8:15:56 AM	Gathering search properties
8/30/2020 8:15:56 AM	Gathering full-text indexes
8/30/2020 8:15:56 AM	Gathering column store indexes
8/30/2020 8:15:56 AM	Gathering spatial indexes
8/30/2020 8:15:56 AM	Gathering XML indexes
8/30/2020 8:15:56 AM	Gathering Selective XML indexes
8/30/2020 8:15:56 AM	Gathering encrypted triggers
8/30/2020 8:15:56 AM	Gathering triggers
8/30/2020 8:15:56 AM	Gathering encrypted and clr ddl triggers
8/30/2020 8:15:56 AM	Gathering ddl triggers
8/30/2020 8:15:56 AM	Creating edge constraints
8/30/2020 8:15:56 AM	Gathering synonyms
8/30/2020 8:15:56 AM	Gathering defaults
8/30/2020 8:15:56 AM	Gathering data constraint uddt bindings
8/30/2020 8:15:56 AM	Gathering rules
8/30/2020 8:15:56 AM	Gathering data constraint uddt bindings
8/30/2020 8:15:56 AM	Gathering message types
8/30/2020 8:15:56 AM	Gathering queues
8/30/2020 8:15:56 AM	Gathering contracts
8/30/2020 8:15:56 AM	Gathering services
8/30/2020 8:15:56 AM	Gathering event notifications
8/30/2020 8:15:56 AM	Gathering remote service bindings
8/30/2020 8:15:56 AM	Gathering broker priorities
8/30/2020 8:15:56 AM	Gathering signatures
8/30/2020 8:15:56 AM	Gathering data compression options
8/30/2020 8:15:56 AM	Gathering sequence types
8/30/2020 8:15:56 AM	Gathering security policies
8/30/2020 8:15:56 AM	Gather column encryption keys
8/30/2020 8:15:56 AM	Gathering column master keys
8/30/2020 8:15:56 AM	Gathering external data sources
8/30/2020 8:15:56 AM	Gathering external file formats
8/30/2020 8:15:56 AM	Gathering external tables
8/30/2020 8:15:56 AM	Gathering extended properties
8/30/2020 8:15:56 AM	Gathering credentials
8/30/2020 8:15:56 AM	Gathering logins
8/30/2020 8:15:56 AM	Gathering server audits
8/30/2020 8:16:01 AM	Scanning project for duplicate elements
8/30/2020 8:16:01 AM	Finished duplicate element processing
8/30/2020 8:16:03 AM	Finished importing database.
8/30/2020 8:16:03 AM	A summary of the import was saved to the following location: C:\Users\Muhammad Jawad\source\repos\Database1\Import Schema Logs\Database1_20200830031544.log
8/30/2020 8:16:03 AM	Click Finish to continue...
